build/outputs/logs/manifest-merger-debug-report.txt
-- Merging decision tree log ---
manifest
ADDED from AndroidStudioProjects\REST\AndroidManifest.xml:2:1-148:12
INJECTED from AndroidStudioProjects\REST\AndroidManifest.xml:2:1-148:12
INJECTED from AndroidStudioProjects\REST\AndroidManifest.xml:2:1-148:12
INJECTED from AndroidStudioProjects\REST\AndroidManifest.xml:2:1-148:12
MERGED from [com.android.support:support-v4:28.0.0] AndroidManifest.xml:17:1-22:12
MERGED from [:simple-crop-image-libold] AndroidManifest.xml:2:1-7:12
MERGED from [com.android.support:design:28.0.0] AndroidManifest.xml:17:1-24:12
MERGED from [com.android.support:appcompat-v7:28.0.0] AndroidManifest.xml:17:1-22:12
MERGED from [com.android.support:cardview-v7:28.0.0] AndroidManifest.xml:17:1-22:12
MERGED from [com.android.support:recyclerview-v7:28.0.0] AndroidManifest.xml:17:1-22:12
MERGED from [com.android.support.constraint:constraint-layout:1.1.3] AndroidManifest.xml:2:1-11:12
MERGED from [com.android.support:animated-vector-drawable:28.0.0] AndroidManifest.xml:17:1-22:12
MERGED from [com.android.support:support-vector-drawable:28.0.0] AndroidManifest.xml:17:1-22:12
MERGED from [com.android.support:support-media-compat:28.0.0] AndroidManifest.xml:17:1-22:12
MERGED from [com.android.support:support-fragment:28.0.0] AndroidManifest.xml:17:1-22:12
MERGED from [com.android.support:support-core-ui:28.0.0] AndroidManifest.xml:17:1-22:12
MERGED from [com.android.support:support-core-utils:28.0.0] AndroidManifest.xml:17:1-22:12
MERGED from [com.android.support:transition:28.0.0] AndroidManifest.xml:17:1-22:12
MERGED from [com.android.support:loader:28.0.0] AndroidManifest.xml:17:1-22:12
MERGED from [com.android.support:viewpager:28.0.0] AndroidManifest.xml:17:1-22:12
MERGED from [com.android.support:coordinatorlayout:28.0.0] AndroidManifest.xml:17:1-22:12
MERGED from [com.android.support:drawerlayout:28.0.0] AndroidManifest.xml:17:1-22:12
MERGED from [com.android.support:slidingpanelayout:28.0.0] AndroidManifest.xml:17:1-22:12
MERGED from [com.android.support:customview:28.0.0] AndroidManifest.xml:17:1-22:12
MERGED from [com.android.support:swiperefreshlayout:28.0.0] AndroidManifest.xml:17:1-22:12
MERGED from [com.android.support:asynclayoutinflater:28.0.0] AndroidManifest.xml:17:1-22:12
MERGED from [com.android.support:support-compat:28.0.0] AndroidManifest.xml:17:1-24:12
MERGED from [com.android.support:versionedparcelable:28.0.0] AndroidManifest.xml:17:1-25:12
MERGED from [com.android.support:cursoradapter:28.0.0] AndroidManifest.xml:17:1-22:12
MERGED from [android.arch.lifecycle:runtime:1.1.1] AndroidManifest.xml:17:1-22:12
MERGED from [com.android.support:documentfile:28.0.0] AndroidManifest.xml:17:1-22:12
MERGED from [com.android.support:localbroadcastmanager:28.0.0] AndroidManifest.xml:17:1-22:12
MERGED from [com.android.support:print:28.0.0] AndroidManifest.xml:17:1-22:12
MERGED from [com.android.support:interpolator:28.0.0] AndroidManifest.xml:17:1-22:12
MERGED from [android.arch.lifecycle:viewmodel:1.1.1] AndroidManifest.xml:17:1-22:12
MERGED from [android.arch.lifecycle:livedata:1.1.1] AndroidManifest.xml:17:1-22:12
MERGED from [android.arch.lifecycle:livedata-core:1.1.1] AndroidManifest.xml:17:1-22:12
MERGED from [android.arch.core:runtime:1.1.1] AndroidManifest.xml:17:1-22:12
INJECTED from AndroidStudioProjects\REST\AndroidManifest.xml:2:1-148:12
INJECTED from AndroidStudioProjects\REST\AndroidManifest.xml:2:1-148:12
INJECTED from AndroidStudioProjects\REST\AndroidManifest.xml:2:1-148:12
	package
		ADDED from AndroidStudioProjects\REST\AndroidManifest.xml:3:5-33
		INJECTED from AndroidStudioProjects\REST\AndroidManifest.xml
		INJECTED from AndroidStudioProjects\REST\AndroidManifest.xml
	android:versionName
		ADDED from AndroidStudioProjects\REST\AndroidManifest.xml:5:5-31
		INJECTED from AndroidStudioProjects\REST\AndroidManifest.xml
		INJECTED from AndroidStudioProjects\REST\AndroidManifest.xml
	xmlns:android
		ADDED from AndroidStudioProjects\REST\AndroidManifest.xml:2:11-69
	android:versionCode
		ADDED from AndroidStudioProjects\REST\AndroidManifest.xml:4:5-29
		INJECTED from AndroidStudioProjects\REST\AndroidManifest.xml
		INJECTED from AndroidStudioProjects\REST\AndroidManifest.xml
uses-sdk
ADDED from AndroidStudioProjects\REST\AndroidManifest.xml:7:5-44
INJECTED from AndroidStudioProjects\REST\AndroidManifest.xml:7:5-44
INJECTED from AndroidStudioProjects\REST\AndroidManifest.xml:7:5-44
MERGED from [com.android.support:support-v4:28.0.0] AndroidManifest.xml:20:5-44
MERGED from [com.android.support:support-v4:28.0.0] AndroidManifest.xml:20:5-44
MERGED from [com.android.support:design:28.0.0] AndroidManifest.xml:20:5-44
MERGED from [com.android.support:design:28.0.0] AndroidManifest.xml:20:5-44
MERGED from [com.android.support:appcompat-v7:28.0.0] AndroidManifest.xml:20:5-44
MERGED from [com.android.support:appcompat-v7:28.0.0] AndroidManifest.xml:20:5-44
MERGED from [com.android.support:cardview-v7:28.0.0] AndroidManifest.xml:20:5-44
MERGED from [com.android.support:cardview-v7:28.0.0] AndroidManifest.xml:20:5-44
MERGED from [com.android.support:recyclerview-v7:28.0.0] AndroidManifest.xml:20:5-44
MERGED from [com.android.support:recyclerview-v7:28.0.0] AndroidManifest.xml:20:5-44
MERGED from [com.android.support.constraint:constraint-layout:1.1.3] AndroidManifest.xml:5:5-7:41
MERGED from [com.android.support.constraint:constraint-layout:1.1.3] AndroidManifest.xml:5:5-7:41
MERGED from [com.android.support:animated-vector-drawable:28.0.0] AndroidManifest.xml:20:5-44
MERGED from [com.android.support:animated-vector-drawable:28.0.0] AndroidManifest.xml:20:5-44
MERGED from [com.android.support:support-vector-drawable:28.0.0] AndroidManifest.xml:20:5-44
MERGED from [com.android.support:support-vector-drawable:28.0.0] AndroidManifest.xml:20:5-44
MERGED from [com.android.support:support-media-compat:28.0.0] AndroidManifest.xml:20:5-44
MERGED from [com.android.support:support-media-compat:28.0.0] AndroidManifest.xml:20:5-44
MERGED from [com.android.support:support-fragment:28.0.0] AndroidManifest.xml:20:5-44
MERGED from [com.android.support:support-fragment:28.0.0] AndroidManifest.xml:20:5-44
MERGED from [com.android.support:support-core-ui:28.0.0] AndroidManifest.xml:20:5-44
MERGED from [com.android.support:support-core-ui:28.0.0] AndroidManifest.xml:20:5-44
MERGED from [com.android.support:support-core-utils:28.0.0] AndroidManifest.xml:20:5-44
MERGED from [com.android.support:support-core-utils:28.0.0] AndroidManifest.xml:20:5-44
MERGED from [com.android.support:transition:28.0.0] AndroidManifest.xml:20:5-44
MERGED from [com.android.support:transition:28.0.0] AndroidManifest.xml:20:5-44
MERGED from [com.android.support:loader:28.0.0] AndroidManifest.xml:20:5-44
MERGED from [com.android.support:loader:28.0.0] AndroidManifest.xml:20:5-44
MERGED from [com.android.support:viewpager:28.0.0] AndroidManifest.xml:20:5-44
MERGED from [com.android.support:viewpager:28.0.0] AndroidManifest.xml:20:5-44
MERGED from [com.android.support:coordinatorlayout:28.0.0] AndroidManifest.xml:20:5-44
MERGED from [com.android.support:coordinatorlayout:28.0.0] AndroidManifest.xml:20:5-44
MERGED from [com.android.support:drawerlayout:28.0.0] AndroidManifest.xml:20:5-44
MERGED from [com.android.support:drawerlayout:28.0.0] AndroidManifest.xml:20:5-44
MERGED from [com.android.support:slidingpanelayout:28.0.0] AndroidManifest.xml:20:5-44
MERGED from [com.android.support:slidingpanelayout:28.0.0] AndroidManifest.xml:20:5-44
MERGED from [com.android.support:customview:28.0.0] AndroidManifest.xml:20:5-44
MERGED from [com.android.support:customview:28.0.0] AndroidManifest.xml:20:5-44
MERGED from [com.android.support:swiperefreshlayout:28.0.0] AndroidManifest.xml:20:5-44
MERGED from [com.android.support:swiperefreshlayout:28.0.0] AndroidManifest.xml:20:5-44
MERGED from [com.android.support:asynclayoutinflater:28.0.0] AndroidManifest.xml:20:5-44
MERGED from [com.android.support:asynclayoutinflater:28.0.0] AndroidManifest.xml:20:5-44
MERGED from [com.android.support:support-compat:28.0.0] AndroidManifest.xml:20:5-44
MERGED from [com.android.support:support-compat:28.0.0] AndroidManifest.xml:20:5-44
MERGED from [com.android.support:versionedparcelable:28.0.0] AndroidManifest.xml:20:5-44
MERGED from [com.android.support:versionedparcelable:28.0.0] AndroidManifest.xml:20:5-44
MERGED from [com.android.support:cursoradapter:28.0.0] AndroidManifest.xml:20:5-44
MERGED from [com.android.support:cursoradapter:28.0.0] AndroidManifest.xml:20:5-44
MERGED from [android.arch.lifecycle:runtime:1.1.1] AndroidManifest.xml:20:5-44
MERGED from [android.arch.lifecycle:runtime:1.1.1] AndroidManifest.xml:20:5-44
MERGED from [com.android.support:documentfile:28.0.0] AndroidManifest.xml:20:5-44
MERGED from [com.android.support:documentfile:28.0.0] AndroidManifest.xml:20:5-44
MERGED from [com.android.support:localbroadcastmanager:28.0.0] AndroidManifest.xml:20:5-44
MERGED from [com.android.support:localbroadcastmanager:28.0.0] AndroidManifest.xml:20:5-44
MERGED from [com.android.support:print:28.0.0] AndroidManifest.xml:20:5-44
MERGED from [com.android.support:print:28.0.0] AndroidManifest.xml:20:5-44
MERGED from [com.android.support:interpolator:28.0.0] AndroidManifest.xml:20:5-44
MERGED from [com.android.support:interpolator:28.0.0] AndroidManifest.xml:20:5-44
MERGED from [android.arch.lifecycle:viewmodel:1.1.1] AndroidManifest.xml:20:5-44
MERGED from [android.arch.lifecycle:viewmodel:1.1.1] AndroidManifest.xml:20:5-44
MERGED from [android.arch.lifecycle:livedata:1.1.1] AndroidManifest.xml:20:5-44
MERGED from [android.arch.lifecycle:livedata:1.1.1] AndroidManifest.xml:20:5-44
MERGED from [android.arch.lifecycle:livedata-core:1.1.1] AndroidManifest.xml:20:5-44
MERGED from [android.arch.lifecycle:livedata-core:1.1.1] AndroidManifest.xml:20:5-44
MERGED from [android.arch.core:runtime:1.1.1] AndroidManifest.xml:20:5-44
MERGED from [android.arch.core:runtime:1.1.1] AndroidManifest.xml:20:5-44
INJECTED from AndroidStudioProjects\REST\AndroidManifest.xml:7:5-44
INJECTED from AndroidStudioProjects\REST\AndroidManifest.xml:7:5-44
	android:maxSdkVersion
		ADDED from AndroidStudioProjects\REST\AndroidManifest.xml:7:15-41
	android:targetSdkVersion
		INJECTED from AndroidStudioProjects\REST\AndroidManifest.xml
		ADDED from AndroidStudioProjects\REST\AndroidManifest.xml:7:5-44
		INJECTED from AndroidStudioProjects\REST\AndroidManifest.xml
	android:minSdkVersion
		INJECTED from AndroidStudioProjects\REST\AndroidManifest.xml
		ADDED from AndroidStudioProjects\REST\AndroidManifest.xml:7:5-44
		INJECTED from AndroidStudioProjects\REST\AndroidManifest.xml
uses-permission#android.permission.ACCESS_COARSE_LOCATION
ADDED from AndroidStudioProjects\REST\AndroidManifest.xml:9:5-81
	android:name
		ADDED from AndroidStudioProjects\REST\AndroidManifest.xml:9:22-78
uses-permission#android.permission.ACCESS_FINE_LOCATION
ADDED from AndroidStudioProjects\REST\AndroidManifest.xml:10:5-79
	android:name
		ADDED from AndroidStudioProjects\REST\AndroidManifest.xml:10:22-76
uses-permission#android.permission.INTERNET
ADDED from AndroidStudioProjects\REST\AndroidManifest.xml:11:5-67
	android:name
		ADDED from AndroidStudioProjects\REST\AndroidManifest.xml:11:22-64
uses-permission#android.permission.ACCESS_NETWORK_STATE
ADDED from AndroidStudioProjects\REST\AndroidManifest.xml:12:5-79
	android:name
		ADDED from AndroidStudioProjects\REST\AndroidManifest.xml:12:22-76
uses-permission#android.permission.READ_PHONE_STATE
ADDED from AndroidStudioProjects\REST\AndroidManifest.xml:13:5-75
	android:name
		ADDED from AndroidStudioProjects\REST\AndroidManifest.xml:13:22-72
uses-permission#android.permission.WRITE_EXTERNAL_STORAGE
ADDED from AndroidStudioProjects\REST\AndroidManifest.xml:14:5-81
	android:name
		ADDED from AndroidStudioProjects\REST\AndroidManifest.xml:14:22-78
uses-permission#android.permission.FOREGROUND_SERVICE
ADDED from AndroidStudioProjects\REST\AndroidManifest.xml:15:5-77
	android:name
		ADDED from AndroidStudioProjects\REST\AndroidManifest.xml:15:22-74
uses-permission#android.permission.CAMERA
ADDED from AndroidStudioProjects\REST\AndroidManifest.xml:17:5-65
	android:name
		ADDED from AndroidStudioProjects\REST\AndroidManifest.xml:17:22-62
uses-feature#android.hardware.camera
ADDED from AndroidStudioProjects\REST\AndroidManifest.xml:19:5-21:35
	android:required
		ADDED from AndroidStudioProjects\REST\AndroidManifest.xml:21:9-32
	android:name
		ADDED from AndroidStudioProjects\REST\AndroidManifest.xml:20:9-47
uses-feature#android.hardware.camera.autofocus
ADDED from AndroidStudioProjects\REST\AndroidManifest.xml:22:5-70
	android:name
		ADDED from AndroidStudioProjects\REST\AndroidManifest.xml:22:19-67
uses-feature#android.hardware.usb.host
ADDED from AndroidStudioProjects\REST\AndroidManifest.xml:23:5-25:35
	android:required
		ADDED from AndroidStudioProjects\REST\AndroidManifest.xml:25:9-32
	android:name
		ADDED from AndroidStudioProjects\REST\AndroidManifest.xml:24:9-49
uses-permission#android.permission.BLUETOOTH
ADDED from AndroidStudioProjects\REST\AndroidManifest.xml:27:5-68
	android:name
		ADDED from AndroidStudioProjects\REST\AndroidManifest.xml:27:22-65
uses-permission#android.permission.BLUETOOTH_ADMIN
ADDED from AndroidStudioProjects\REST\AndroidManifest.xml:28:5-74
	android:name
		ADDED from AndroidStudioProjects\REST\AndroidManifest.xml:28:22-71
uses-permission#android.permission.READ_CONTACTS
ADDED from AndroidStudioProjects\REST\AndroidManifest.xml:30:5-72
	android:name
		ADDED from AndroidStudioProjects\REST\AndroidManifest.xml:30:22-69
uses-permission#android.permission.READ_PROFILE
ADDED from AndroidStudioProjects\REST\AndroidManifest.xml:31:5-71
	android:name
		ADDED from AndroidStudioProjects\REST\AndroidManifest.xml:31:22-68
uses-permission#android.permission.SEND_SMS
ADDED from AndroidStudioProjects\REST\AndroidManifest.xml:32:5-67
	android:name
		ADDED from AndroidStudioProjects\REST\AndroidManifest.xml:32:22-64
uses-permission#android.permission.READ_EXTERNAL_STORAGE
ADDED from AndroidStudioProjects\REST\AndroidManifest.xml:33:5-80
	android:name
		ADDED from AndroidStudioProjects\REST\AndroidManifest.xml:33:22-77
application
ADDED from AndroidStudioProjects\REST\AndroidManifest.xml:38:5-146:19
MERGED from [com.android.support:design:28.0.0] AndroidManifest.xml:22:5-20
MERGED from [com.android.support:design:28.0.0] AndroidManifest.xml:22:5-20
MERGED from [com.android.support.constraint:constraint-layout:1.1.3] AndroidManifest.xml:9:5-20
MERGED from [com.android.support.constraint:constraint-layout:1.1.3] AndroidManifest.xml:9:5-20
MERGED from [com.android.support:support-compat:28.0.0] AndroidManifest.xml:22:5-94
MERGED from [com.android.support:support-compat:28.0.0] AndroidManifest.xml:22:5-94
MERGED from [com.android.support:versionedparcelable:28.0.0] AndroidManifest.xml:22:5-23:19
MERGED from [com.android.support:versionedparcelable:28.0.0] AndroidManifest.xml:22:5-23:19
	android:screenOrientation
		ADDED from AndroidStudioProjects\REST\AndroidManifest.xml:44:9-45
	android:appComponentFactory
		ADDED from [com.android.support:support-compat:28.0.0] AndroidManifest.xml:22:18-91
	android:label
		ADDED from AndroidStudioProjects\REST\AndroidManifest.xml:42:9-41
	android:largeHeap
		ADDED from AndroidStudioProjects\REST\AndroidManifest.xml:43:9-33
	android:icon
		ADDED from AndroidStudioProjects\REST\AndroidManifest.xml:41:9-38
	android:allowBackup
		ADDED from AndroidStudioProjects\REST\AndroidManifest.xml:40:9-35
	android:theme
		ADDED from AndroidStudioProjects\REST\AndroidManifest.xml:45:9-40
	android:usesCleartextTraffic
		ADDED from AndroidStudioProjects\REST\AndroidManifest.xml:46:9-44
	android:name
		ADDED from AndroidStudioProjects\REST\AndroidManifest.xml:39:9-40
uses-library#org.apache.http.legacy
ADDED from AndroidStudioProjects\REST\AndroidManifest.xml:49:9-51:40
	android:required
		ADDED from AndroidStudioProjects\REST\AndroidManifest.xml:51:13-37
	android:name
		ADDED from AndroidStudioProjects\REST\AndroidManifest.xml:50:13-50
receiver#com.erp.collection.NetworkChangeReceiver
ADDED from AndroidStudioProjects\REST\AndroidManifest.xml:63:9-70:20
	android:label
		ADDED from AndroidStudioProjects\REST\AndroidManifest.xml:65:13-50
	android:name
		ADDED from AndroidStudioProjects\REST\AndroidManifest.xml:64:13-50
intent-filter#action:name:android.net.conn.CONNECTIVITY_CHANGE+action:name:android.net.wifi.WIFI_STATE_CHANGED
ADDED from AndroidStudioProjects\REST\AndroidManifest.xml:66:13-69:29
action#android.net.conn.CONNECTIVITY_CHANGE
ADDED from AndroidStudioProjects\REST\AndroidManifest.xml:67:17-79
	android:name
		ADDED from AndroidStudioProjects\REST\AndroidManifest.xml:67:25-76
action#android.net.wifi.WIFI_STATE_CHANGED
ADDED from AndroidStudioProjects\REST\AndroidManifest.xml:68:17-78
	android:name
		ADDED from AndroidStudioProjects\REST\AndroidManifest.xml:68:25-75
activity#com.erp.collection.Login
ADDED from AndroidStudioProjects\REST\AndroidManifest.xml:72:9-83:20
	android:screenOrientation
		ADDED from AndroidStudioProjects\REST\AndroidManifest.xml:76:13-49
	android:label
		ADDED from AndroidStudioProjects\REST\AndroidManifest.xml:74:13-45
	android:launchMode
		ADDED from AndroidStudioProjects\REST\AndroidManifest.xml:75:13-43
	android:name
		ADDED from AndroidStudioProjects\REST\AndroidManifest.xml:73:13-34
intent-filter#action:name:android.intent.action.MAIN+category:name:android.intent.category.LAUNCHER
ADDED from AndroidStudioProjects\REST\AndroidManifest.xml:78:9-82:25
action#android.intent.action.MAIN
ADDED from AndroidStudioProjects\REST\AndroidManifest.xml:79:13-65
	android:name
		ADDED from AndroidStudioProjects\REST\AndroidManifest.xml:79:21-62
category#android.intent.category.LAUNCHER
ADDED from AndroidStudioProjects\REST\AndroidManifest.xml:81:13-73
	android:name
		ADDED from AndroidStudioProjects\REST\AndroidManifest.xml:81:23-70
activity#com.erp.collection.CameraMainActivity
ADDED from AndroidStudioProjects\REST\AndroidManifest.xml:107:9-110:52
	android:screenOrientation
		ADDED from AndroidStudioProjects\REST\AndroidManifest.xml:110:13-49
	android:label
		ADDED from AndroidStudioProjects\REST\AndroidManifest.xml:109:13-45
	android:name
		ADDED from AndroidStudioProjects\REST\AndroidManifest.xml:108:13-47
receiver#com.erp.collection.AlarmReceiverInput
ADDED from AndroidStudioProjects\REST\AndroidManifest.xml:112:9-56
	android:name
		ADDED from AndroidStudioProjects\REST\AndroidManifest.xml:112:19-53
service#com.erp.collection.GoogleServices
ADDED from AndroidStudioProjects\REST\AndroidManifest.xml:120:9-122:40
	android:exported
		ADDED from AndroidStudioProjects\REST\AndroidManifest.xml:122:13-37
	android:name
		ADDED from AndroidStudioProjects\REST\AndroidManifest.xml:121:13-43
service#com.erp.collection.DownloadingIntent
ADDED from AndroidStudioProjects\REST\AndroidManifest.xml:123:9-125:40
	android:exported
		ADDED from AndroidStudioProjects\REST\AndroidManifest.xml:125:13-37
	android:name
		ADDED from AndroidStudioProjects\REST\AndroidManifest.xml:124:13-46
activity#eu.janmuller.android.simplecropimage.CropImage
ADDED from AndroidStudioProjects\REST\AndroidManifest.xml:132:9-134:52
	android:screenOrientation
		ADDED from AndroidStudioProjects\REST\AndroidManifest.xml:134:13-49
	android:name
		ADDED from AndroidStudioProjects\REST\AndroidManifest.xml:133:13-74
activity#com.erp.collection.VerifySms
ADDED from AndroidStudioProjects\REST\AndroidManifest.xml:135:9-138:52
	android:screenOrientation
		ADDED from AndroidStudioProjects\REST\AndroidManifest.xml:138:13-49
	android:label
		ADDED from AndroidStudioProjects\REST\AndroidManifest.xml:137:13-62
	android:name
		ADDED from AndroidStudioProjects\REST\AndroidManifest.xml:136:13-38
activity#com.erp.collection.Task_Name
ADDED from AndroidStudioProjects\REST\AndroidManifest.xml:140:9-142:48
	android:screenOrientation
		ADDED from AndroidStudioProjects\REST\AndroidManifest.xml:142:9-45
	android:name
		ADDED from AndroidStudioProjects\REST\AndroidManifest.xml:141:9-34
activity#com.erp.collection.Landing_Page
ADDED from AndroidStudioProjects\REST\AndroidManifest.xml:144:9-50
	android:name
		ADDED from AndroidStudioProjects\REST\AndroidManifest.xml:144:19-47
activity#com.erp.collection.StartOfShift
ADDED from AndroidStudioProjects\REST\AndroidManifest.xml:145:9-50
	android:name
		ADDED from AndroidStudioProjects\REST\AndroidManifest.xml:145:19-47